[debug] [2018-09-25T01:09:30.413Z] ----------------------------------------------------------------------
[debug] [2018-09-25T01:09:30.415Z] Command:       C:\Program Files\nodejs\node.exe C:\Users\STD\AppData\Roaming\npm\node_modules\firebase-tools\bin\firebase serve
[debug] [2018-09-25T01:09:30.415Z] CLI Version:   4.2.1
[debug] [2018-09-25T01:09:30.415Z] Platform:      win32
[debug] [2018-09-25T01:09:30.415Z] Node Version:  v8.11.3
[debug] [2018-09-25T01:09:30.416Z] Time:          Tue Sep 25 2018 08:09:30 GMT+0700 (SE Asia Standard Time)
[debug] [2018-09-25T01:09:30.416Z] ----------------------------------------------------------------------
[debug] 
[debug] [2018-09-25T01:09:30.424Z] > command requires scopes: ["email","openid","https://www.googleapis.com/auth/cloudplatformprojects.readonly","https://www.googleapis.com/auth/firebase","https://www.googleapis.com/auth/cloud-platform"]
[debug] [2018-09-25T01:09:30.425Z] > authorizing via signed-in user
[debug] [2018-09-25T01:09:30.426Z] > refreshing access token with scopes: ["email","https://www.googleapis.com/auth/cloud-platform","https://www.googleapis.com/auth/cloudplatformprojects.readonly","https://www.googleapis.com/auth/firebase","openid"]
[debug] [2018-09-25T01:09:30.427Z] >>> HTTP REQUEST POST https://www.googleapis.com/oauth2/v3/token  

[debug] [2018-09-25T01:09:30.756Z] <<< HTTP RESPONSE 200
[debug] [2018-09-25T01:09:30.815Z] >>> HTTP REQUEST GET https://admin.firebase.com/v1/projects/shopee-2428c  
 
[debug] [2018-09-25T01:09:32.039Z] <<< HTTP RESPONSE 200
[debug] [2018-09-25T01:09:32.039Z] >>> HTTP REQUEST GET https://cloudresourcemanager.googleapis.com/v1/projects/shopee-2428c  
 
[debug] [2018-09-25T01:09:43.020Z] <<< HTTP RESPONSE 200
[info] 
[info] === Serving from 'D:\Jack\947-341-Quiz1'...
[info] 
[debug] [2018-09-25T01:09:43.022Z] >>> HTTP REQUEST GET https://mobilesdk-pa.googleapis.com/v1/projects/808649182528/clients/_:getWebAppConfig  
 
[debug] [2018-09-25T01:09:43.488Z] <<< HTTP RESPONSE 200
[info] i  hosting[shopee-2428c]: Serving hosting files from: public
[info] +  hosting[shopee-2428c]: Local server: http://localhost:5000
